<?xml version="1.0" encoding="UTF-8"?>
<!-- Generated by org.testng.reporters.JUnitXMLReporter -->
<testsuite ignored="0" hostname="L-INE-7PMWM93" failures="1" tests="9" name="Default test" time="40.525" errors="0" timestamp="2023-07-25T19:42:17 IST">
  <testcase classname="io.cucumber.testng.AbstractTestNGCucumberTests" name="runScenario" time="14.191"/>
  <testcase classname="io.cucumber.testng.AbstractTestNGCucumberTests" name="runScenario" time="1.032"/>
  <testcase classname="io.cucumber.testng.AbstractTestNGCucumberTests" name="runScenario" time="0.095">
    <failure type="java.lang.ClassCastException" message="class jdk.proxy2.$Proxy23 cannot be cast to class org.openqa.selenium.interactions.internal.Locatable (jdk.proxy2.$Proxy23 is in module jdk.proxy2 of loader &amp;apos;app&amp;apos;; org.openqa.selenium.interactions.internal.Locatable is in unnamed module of loader &amp;apos;app&amp;apos;)">
      <![CDATA[java.lang.ClassCastException: class jdk.proxy2.$Proxy23 cannot be cast to class org.openqa.selenium.interactions.internal.Locatable (jdk.proxy2.$Proxy23 is in module jdk.proxy2 of loader 'app'; org.openqa.selenium.interactions.internal.Locatable is in unnamed module of loader 'app')
at org.openqa.selenium.interactions.Actions.moveToElement(Actions.java:388)
at org.stepDefinitionFirstModule.UserFunctionSteps.user_should_click_add_mobile_button(UserFunctionSteps.java:181)
at âœ½.User Should click Add mobile button(file:///C:/Users/pmurugesan/Downloads/Expleons_Proj/Expleons_Proj/src/test/resources/FeatureFiles/1_User_Functions/UserFunction1.feature:29)
]]>
    </failure>
  </testcase> <!-- runScenario -->
  <testcase classname="io.cucumber.testng.AbstractTestNGCucumberTests" name="runScenario" time="0.947"/>
  <testcase classname="io.cucumber.testng.AbstractTestNGCucumberTests" name="runScenario" time="3.558"/>
  <testcase classname="io.cucumber.testng.AbstractTestNGCucumberTests" name="runScenario" time="1.439"/>
  <testcase classname="io.cucumber.testng.AbstractTestNGCucumberTests" name="runScenario" time="9.242"/>
  <testcase classname="io.cucumber.testng.AbstractTestNGCucumberTests" name="runScenario" time="2.373"/>
  <testcase classname="io.cucumber.testng.AbstractTestNGCucumberTests" name="runScenario" time="2.637"/>
</testsuite> <!-- Default test -->
