<?xml version="1.0" encoding="UTF-8"?>
<!-- Generated by org.testng.reporters.JUnitReportReporter -->
<testsuite hostname="L-INE-7PMWM93" failures="0" tests="9" name="org.runnerClass.RunnerFile" time="35.514" errors="1" timestamp="2023-07-25T19:42:17 IST" skipped="0">
  <testcase classname="org.runnerClass.RunnerFile" name="runScenario" time="3.558"/>
  <system-out/>
  <testcase classname="org.runnerClass.RunnerFile" name="runScenario" time="1.439"/>
  <system-out/>
  <testcase classname="org.runnerClass.RunnerFile" name="runScenario" time="9.242"/>
  <system-out/>
  <testcase classname="org.runnerClass.RunnerFile" name="runScenario" time="2.373"/>
  <system-out/>
  <testcase classname="org.runnerClass.RunnerFile" name="runScenario" time="2.637"/>
  <system-out/>
  <testcase classname="org.runnerClass.RunnerFile" name="runScenario" time="14.191"/>
  <system-out/>
  <testcase classname="org.runnerClass.RunnerFile" name="runScenario" time="0.947"/>
  <system-out/>
  <testcase classname="org.runnerClass.RunnerFile" name="runScenario" time="1.032"/>
  <system-out/>
  <testcase classname="org.runnerClass.RunnerFile" name="runScenario" time="0.095">
    <error message="class jdk.proxy2.$Proxy23 cannot be cast to class org.openqa.selenium.interactions.internal.Locatable (jdk.proxy2.$Proxy23 is in module jdk.proxy2 of loader &#039;app&#039;; org.openqa.selenium.interactions.internal.Locatable is in unnamed module of loader &#039;app&#039;)" type="java.lang.ClassCastException">
      <![CDATA[java.lang.ClassCastException: class jdk.proxy2.$Proxy23 cannot be cast to class org.openqa.selenium.interactions.internal.Locatable (jdk.proxy2.$Proxy23 is in module jdk.proxy2 of loader 'app'; org.openqa.selenium.interactions.internal.Locatable is in unnamed module of loader 'app')
at org.openqa.selenium.interactions.Actions.moveToElement(Actions.java:388)
at org.stepDefinitionFirstModule.UserFunctionSteps.user_should_click_add_mobile_button(UserFunctionSteps.java:181)
at âœ½.User Should click Add mobile button(file:///C:/Users/pmurugesan/Downloads/Expleons_Proj/Expleons_Proj/src/test/resources/FeatureFiles/1_User_Functions/UserFunction1.feature:29)
]]>
    </error>
  </testcase> <!-- runScenario -->
  <system-out/>
</testsuite> <!-- org.runnerClass.RunnerFile -->
